1530546123845	geckodriver	INFO	geckodriver 0.21.0
1530546124000	geckodriver	INFO	Listening on 127.0.0.1:55720
1530546126973	mozrunner::runner	INFO	Running command: "C:\\Program Files (x86)\\Mozilla Firefox\\firefox.exe" "-marionette" "-foreground" "-no-remote" "-profile" "C:\\Users\\DWH\\AppData\\Local\\Temp\\rust_mozprofile.m5qnfSBXh2Lb"
1530546129238	Marionette	INFO	Enabled via --marionette
[Parent 8368, Gecko_IOThread] WARNING: pipe error: 109: file z:/build/build/src/ipc/chromium/src/chrome/common/ipc_channel_win.cc, line 346
[Child 8660, Chrome_ChildThread] WARNING: pipe error: 109: file z:/build/build/src/ipc/chromium/src/chrome/common/ipc_channel_win.cc, line 346
[Child 8660, Chrome_ChildThread] WARNING: pipe error: 109: file z:/build/build/src/ipc/chromium/src/chrome/common/ipc_channel_win.cc, line 346
1530546136427	Marionette	INFO	Listening on port 55731
1530546136834	Marionette	WARN	TLS certificate errors will be ignored for this session
1530546137109	Marionette	DEBUG	Register listener.js for window 4294967297
1530546137561	Marionette	DEBUG	Received DOM event "beforeunload" for "about:blank"
1530546137937	Marionette	DEBUG	Received DOM event "pagehide" for "about:blank"
1530546137937	Marionette	DEBUG	Received DOM event "unload" for "about:blank"
1530546138914	Marionette	DEBUG	Received DOM event "DOMContentLoaded" for "https://crm.kemai.com.cn/"
1530546139599	Marionette	DEBUG	Received DOM event "pageshow" for "https://crm.kemai.com.cn/"
[Child 3740, Chrome_ChildThread] WARNING: pipe error: 109: file z:/build/build/src/ipc/chromium/src/chrome/common/ipc_channel_win.cc, line 346
[Child 7460, Chrome_ChildThread] WARNING: pipe error: 109: file z:/build/build/src/ipc/chromium/src/chrome/common/ipc_channel_win.cc, line 346
[Child 7460, Chrome_ChildThread] WARNING: pipe error: 109: file z:/build/build/src/ipc/chromium/src/chrome/common/ipc_channel_win.cc, line 346
*** UTM:SVC TimerManager:registerTimer called after profile-before-change notification. Ignoring timer registration for id: telemetry_modules_ping

###!!! [Child][MessageChannel::SendAndWait] Error: Channel error: cannot send/recv

